<?xml version="1.0" encoding="UTF-8"?>
<!-- Generated by org.testng.reporters.JUnitReportReporter -->
<testsuite skipped="0" hostname="kavin" name="com.Vcentry.Lab.TestCases.LoginTest" tests="4" failures="0" timestamp="17 May 2022 08:34:06 GMT" time="10.134" errors="0">
  <testcase name="login" time="1.533" classname="com.Vcentry.Lab.TestCases.LoginTest"/>
  <testcase name="login" time="0.286" classname="com.Vcentry.Lab.TestCases.LoginTest"/>
  <testcase name="login" time="5.913" classname="com.Vcentry.Lab.TestCases.LoginTest"/>
  <testcase name="login" time="2.402" classname="com.Vcentry.Lab.TestCases.LoginTest"/>
</testsuite> <!-- com.Vcentry.Lab.TestCases.LoginTest -->
